# JRE version: OpenJDK Runtime Environment (8.0_242-b08) (build 1.8.0_242-8u242-b08-0ubuntu3~16.04-b08)
# Java VM: OpenJDK 64-Bit Server VM (25.242-b08 mixed mode linux-amd64 compressed oops)
Heap:
 PSYoungGen      total 264192K, used 13777K [0x00000000d8c00000, 0x00000000e9f00000, 0x0000000100000000)
  eden space 248832K, 0% used [0x00000000d8c00000,0x00000000d8c00000,0x00000000e7f00000)
  from space 15360K, 89% used [0x00000000e8100000,0x00000000e8e74628,0x00000000e9000000)
  to   space 12288K, 0% used [0x00000000e9300000,0x00000000e9300000,0x00000000e9f00000)
 ParOldGen       total 69120K, used 27659K [0x000000008a400000, 0x000000008e780000, 0x00000000d8c00000)
  object space 69120K, 40% used [0x000000008a400000,0x000000008bf02ce8,0x000000008e780000)
 Metaspace       used 56203K, capacity 58938K, committed 59096K, reserved 1099776K
  class space    used 7561K, capacity 8082K, committed 8152K, reserved 1048576K
GC Heap History (10 events):
Event: 5.506 GC heap after
Heap after GC invocations=8 (full 1):
 PSYoungGen      total 127488K, used 8165K [0x00000000d8c00000, 0x00000000e5180000, 0x0000000100000000)
  eden space 119296K, 0% used [0x00000000d8c00000,0x00000000d8c00000,0x00000000e0080000)
  from space 8192K, 99% used [0x00000000e0080000,0x00000000e08796c8,0x00000000e0880000)
  to   space 9728K, 0% used [0x00000000e4800000,0x00000000e4800000,0x00000000e5180000)
 ParOldGen       total 48640K, used 8631K [0x000000008a400000, 0x000000008d380000, 0x00000000d8c00000)
  object space 48640K, 17% used [0x000000008a400000,0x000000008ac6ded0,0x000000008d380000)
 Metaspace       used 25786K, capacity 26706K, committed 26880K, reserved 1073152K
  class space    used 3325K, capacity 3525K, committed 3584K, reserved 1048576K
}
Event: 7.080 GC heap before
{Heap before GC invocations=9 (full 1):
 PSYoungGen      total 127488K, used 127456K [0x00000000d8c00000, 0x00000000e5180000, 0x0000000100000000)
  eden space 119296K, 99% used [0x00000000d8c00000,0x00000000e007ea50,0x00000000e0080000)
  from space 8192K, 99% used [0x00000000e0080000,0x00000000e08796c8,0x00000000e0880000)
  to   space 9728K, 0% used [0x00000000e4800000,0x00000000e4800000,0x00000000e5180000)
 ParOldGen       total 48640K, used 8631K [0x000000008a400000, 0x000000008d380000, 0x00000000d8c00000)
  object space 48640K, 17% used [0x000000008a400000,0x000000008ac6ded0,0x000000008d380000)
 Metaspace       used 31780K, capacity 33474K, committed 33664K, reserved 1079296K
  class space    used 4121K, capacity 4457K, committed 4480K, reserved 1048576K
Event: 7.121 GC heap after
Heap after GC invocations=9 (full 1):
 PSYoungGen      total 189952K, used 9721K [0x00000000d8c00000, 0x00000000e6880000, 0x0000000100000000)
  eden space 180224K, 0% used [0x00000000d8c00000,0x00000000d8c00000,0x00000000e3c00000)
  from space 9728K, 99% used [0x00000000e4800000,0x00000000e517e4b0,0x00000000e5180000)
  to   space 12288K, 0% used [0x00000000e3c00000,0x00000000e3c00000,0x00000000e4800000)
 ParOldGen       total 48640K, used 11255K [0x000000008a400000, 0x000000008d380000, 0x00000000d8c00000)
  object space 48640K, 23% used [0x000000008a400000,0x000000008aefde18,0x000000008d380000)
 Metaspace       used 31780K, capacity 33474K, committed 33664K, reserved 1079296K
  class space    used 4121K, capacity 4457K, committed 4480K, reserved 1048576K
}
Event: 7.668 GC heap before
{Heap before GC invocations=10 (full 1):
 PSYoungGen      total 189952K, used 45662K [0x00000000d8c00000, 0x00000000e6880000, 0x0000000100000000)
  eden space 180224K, 19% used [0x00000000d8c00000,0x00000000daf194b0,0x00000000e3c00000)
  from space 9728K, 99% used [0x00000000e4800000,0x00000000e517e4b0,0x00000000e5180000)
  to   space 12288K, 0% used [0x00000000e3c00000,0x00000000e3c00000,0x00000000e4800000)
 ParOldGen       total 48640K, used 11255K [0x000000008a400000, 0x000000008d380000, 0x00000000d8c00000)
  object space 48640K, 23% used [0x000000008a400000,0x000000008aefde18,0x000000008d380000)
 Metaspace       used 33619K, capacity 35402K, committed 35456K, reserved 1079296K
  class space    used 4329K, capacity 4707K, committed 4736K, reserved 1048576K
Event: 7.699 GC heap after
Heap after GC invocations=10 (full 1):
 PSYoungGen      total 192512K, used 9061K [0x00000000d8c00000, 0x00000000e9f00000, 0x0000000100000000)
  eden space 180224K, 0% used [0x00000000d8c00000,0x00000000d8c00000,0x00000000e3c00000)
  from space 12288K, 73% used [0x00000000e3c00000,0x00000000e44d9778,0x00000000e4800000)
  to   space 12288K, 0% used [0x00000000e9300000,0x00000000e9300000,0x00000000e9f00000)
 ParOldGen       total 48640K, used 12561K [0x000000008a400000, 0x000000008d380000, 0x00000000d8c00000)
  object space 48640K, 25% used [0x000000008a400000,0x000000008b0446b8,0x000000008d380000)
 Metaspace       used 33619K, capacity 35402K, committed 35456K, reserved 1079296K
  class space    used 4329K, capacity 4707K, committed 4736K, reserved 1048576K
}
Event: 7.699 GC heap before
{Heap before GC invocations=11 (full 2):
 PSYoungGen      total 192512K, used 9061K [0x00000000d8c00000, 0x00000000e9f00000, 0x0000000100000000)
  eden space 180224K, 0% used [0x00000000d8c00000,0x00000000d8c00000,0x00000000e3c00000)
  from space 12288K, 73% used [0x00000000e3c00000,0x00000000e44d9778,0x00000000e4800000)
  to   space 12288K, 0% used [0x00000000e9300000,0x00000000e9300000,0x00000000e9f00000)
 ParOldGen       total 48640K, used 12561K [0x000000008a400000, 0x000000008d380000, 0x00000000d8c00000)
  object space 48640K, 25% used [0x000000008a400000,0x000000008b0446b8,0x000000008d380000)
 Metaspace       used 33619K, capacity 35402K, committed 35456K, reserved 1079296K
  class space    used 4329K, capacity 4707K, committed 4736K, reserved 1048576K
Event: 7.802 GC heap after
Heap after GC invocations=11 (full 2):
 PSYoungGen      total 192512K, used 0K [0x00000000d8c00000, 0x00000000e9f00000, 0x0000000100000000)
  eden space 180224K, 0% used [0x00000000d8c00000,0x00000000d8c00000,0x00000000e3c00000)
  from space 12288K, 0% used [0x00000000e3c00000,0x00000000e3c00000,0x00000000e4800000)
  to   space 12288K, 0% used [0x00000000e9300000,0x00000000e9300000,0x00000000e9f00000)
 ParOldGen       total 69120K, used 15263K [0x000000008a400000, 0x000000008e780000, 0x00000000d8c00000)
  object space 69120K, 22% used [0x000000008a400000,0x000000008b2e7e38,0x000000008e780000)
 Metaspace       used 33619K, capacity 35402K, committed 35456K, reserved 1079296K
  class space    used 4329K, capacity 4707K, committed 4736K, reserved 1048576K
}
Event: 10.063 GC heap before
{Heap before GC invocations=12 (full 2):
 PSYoungGen      total 192512K, used 180224K [0x00000000d8c00000, 0x00000000e9f00000, 0x0000000100000000)
  eden space 180224K, 100% used [0x00000000d8c00000,0x00000000e3c00000,0x00000000e3c00000)
  from space 12288K, 0% used [0x00000000e3c00000,0x00000000e3c00000,0x00000000e4800000)
  to   space 12288K, 0% used [0x00000000e9300000,0x00000000e9300000,0x00000000e9f00000)
 ParOldGen       total 69120K, used 15263K [0x000000008a400000, 0x000000008e780000, 0x00000000d8c00000)
  object space 69120K, 22% used [0x000000008a400000,0x000000008b2e7e38,0x000000008e780000)
 Metaspace       used 44784K, capacity 46762K, committed 47104K, reserved 1089536K
  class space    used 5895K, capacity 6319K, committed 6400K, reserved 1048576K
Event: 10.090 GC heap after
Heap after GC invocations=12 (full 2):
 PSYoungGen      total 261120K, used 12265K [0x00000000d8c00000, 0x00000000e9f00000, 0x0000000100000000)
  eden space 248832K, 0% used [0x00000000d8c00000,0x00000000d8c00000,0x00000000e7f00000)
  from space 12288K, 99% used [0x00000000e9300000,0x00000000e9efa408,0x00000000e9f00000)
  to   space 15360K, 0% used [0x00000000e8100000,0x00000000e8100000,0x00000000e9000000)
 ParOldGen       total 69120K, used 18986K [0x000000008a400000, 0x000000008e780000, 0x00000000d8c00000)
  object space 69120K, 27% used [0x000000008a400000,0x000000008b68a828,0x000000008e780000)
 Metaspace       used 44784K, capacity 46762K, committed 47104K, reserved 1089536K
  class space    used 5895K, capacity 6319K, committed 6400K, reserved 1048576K
}
Event: 796.934 GC heap before
{Heap before GC invocations=13 (full 2):
 PSYoungGen      total 261120K, used 243344K [0x00000000d8c00000, 0x00000000e9f00000, 0x0000000100000000)
  eden space 248832K, 92% used [0x00000000d8c00000,0x00000000e6da9e58,0x00000000e7f00000)
  from space 12288K, 99% used [0x00000000e9300000,0x00000000e9efa408,0x00000000e9f00000)
  to   space 15360K, 0% used [0x00000000e8100000,0x00000000e8100000,0x00000000e9000000)
 ParOldGen       total 69120K, used 18986K [0x000000008a400000, 0x000000008e780000, 0x00000000d8c00000)
  object space 69120K, 27% used [0x000000008a400000,0x000000008b68a828,0x000000008e780000)
 Metaspace       used 56203K, capacity 58938K, committed 59096K, reserved 1099776K
  class space    used 7561K, capacity 8082K, committed 8152K, reserved 1048576K

